Using pre-set license
Built from '2022.3/staging' branch; Version is '2022.3.17f1 (4fc78088f837) revision 5228416'; Using compiler version '192829333'; Build Type 'Release'
OS: 'Windows 11  (10.0.22000) 64bit Core' Language: 'en' Physical Memory: 16328 MB
BatchMode: 1, IsHumanControllingUs: 0, StartBugReporterOnCrash: 0, Is64bit: 1, IsPro: 1

COMMAND LINE ARGUMENTS:
C:\Program Files\Unity\Hub\Editor\2022.3.17f1\Editor\Unity.exe
-adb2
-batchMode
-noUpm
-name
AssetImportWorker4
-projectPath
C:/Users/Samha/Documents/GitHub/AppreciationAlley
-logFile
Logs/AssetImportWorker4.log
-srvPort
64822
Successfully changed project path to: C:/Users/Samha/Documents/GitHub/AppreciationAlley
C:/Users/Samha/Documents/GitHub/AppreciationAlley
[UnityMemory] Configuration Parameters - Can be set up in boot.config
    "memorysetup-bucket-allocator-granularity=16"
    "memorysetup-bucket-allocator-bucket-count=8"
    "memorysetup-bucket-allocator-block-size=33554432"
    "memorysetup-bucket-allocator-block-count=8"
    "memorysetup-main-allocator-block-size=16777216"
    "memorysetup-thread-allocator-block-size=16777216"
    "memorysetup-gfx-main-allocator-block-size=16777216"
    "memorysetup-gfx-thread-allocator-block-size=16777216"
    "memorysetup-cache-allocator-block-size=4194304"
    "memorysetup-typetree-allocator-block-size=2097152"
    "memorysetup-profiler-bucket-allocator-granularity=16"
    "memorysetup-profiler-bucket-allocator-bucket-count=8"
    "memorysetup-profiler-bucket-allocator-block-size=33554432"
    "memorysetup-profiler-bucket-allocator-block-count=8"
    "memorysetup-profiler-allocator-block-size=16777216"
    "memorysetup-profiler-editor-allocator-block-size=1048576"
    "memorysetup-temp-allocator-size-main=16777216"
    "memorysetup-job-temp-allocator-block-size=2097152"
    "memorysetup-job-temp-allocator-block-size-background=1048576"
    "memorysetup-job-temp-allocator-reduction-small-platforms=262144"
    "memorysetup-allocator-temp-initial-block-size-main=262144"
    "memorysetup-allocator-temp-initial-block-size-worker=262144"
    "memorysetup-temp-allocator-size-background-worker=32768"
    "memorysetup-temp-allocator-size-job-worker=262144"
    "memorysetup-temp-allocator-size-preload-manager=33554432"
    "memorysetup-temp-allocator-size-nav-mesh-worker=65536"
    "memorysetup-temp-allocator-size-audio-worker=65536"
    "memorysetup-temp-allocator-size-cloud-worker=32768"
    "memorysetup-temp-allocator-size-gi-baking-worker=262144"
    "memorysetup-temp-allocator-size-gfx=262144"
Player connection [4528] Host "[IP] 192.168.208.1 [Port] 0 [Flags] 2 [Guid] 1656910321 [EditorId] 1656910321 [Version] 1048832 [Id] WindowsEditor(7,Sams_Desktop) [Debug] 1 [PackageName] WindowsEditor [ProjectName] Editor" joined multi-casting on [225.0.0.222:54997]...

Player connection [4528] Host "[IP] 192.168.208.1 [Port] 0 [Flags] 2 [Guid] 1656910321 [EditorId] 1656910321 [Version] 1048832 [Id] WindowsEditor(7,Sams_Desktop) [Debug] 1 [PackageName] WindowsEditor [ProjectName] Editor" joined alternative multi-casting on [225.0.0.222:34997]...

[Physics::Module] Initialized MultithreadedJobDispatcher with 11 workers.
Refreshing native plugins compatible for Editor in 13.19 ms, found 4 plugins.
Preloading 0 native plugins for Editor in 0.00 ms.
Initialize engine version: 2022.3.17f1 (4fc78088f837)
[Subsystems] Discovering subsystems at path C:/Program Files/Unity/Hub/Editor/2022.3.17f1/Editor/Data/Resources/UnitySubsystems
[Subsystems] Discovering subsystems at path C:/Users/Samha/Documents/GitHub/AppreciationAlley/Assets
GfxDevice: creating device client; threaded=0; jobified=0
Direct3D:
    Version:  Direct3D 11.0 [level 11.1]
    Renderer: NVIDIA GeForce RTX 3060 (ID=0x2504)
    Vendor:   NVIDIA
    VRAM:     12115 MB
    Driver:   31.0.15.5123
Initialize mono
Mono path[0] = 'C:/Program Files/Unity/Hub/Editor/2022.3.17f1/Editor/Data/Managed'
Mono path[1] = 'C:/Program Files/Unity/Hub/Editor/2022.3.17f1/Editor/Data/MonoBleedingEdge/lib/mono/unityjit-win32'
Mono config path = 'C:/Program Files/Unity/Hub/Editor/2022.3.17f1/Editor/Data/MonoBleedingEdge/etc'
Using monoOptions --debugger-agent=transport=dt_socket,embedding=1,server=y,suspend=n,address=127.0.0.1:56376
Begin MonoManager ReloadAssembly
Registering precompiled unity dll's ...
Register platform support module: C:/Program Files/Unity/Hub/Editor/2022.3.17f1/Editor/Data/PlaybackEngines/WebGLSupport/UnityEditor.WebGL.Extensions.dll
Register platform support module: C:/Program Files/Unity/Hub/Editor/2022.3.17f1/Editor/Data/PlaybackEngines/AndroidPlayer/UnityEditor.Android.Extensions.dll
Register platform support module: C:/Program Files/Unity/Hub/Editor/2022.3.17f1/Editor/Data/PlaybackEngines/iOSSupport/UnityEditor.iOS.Extensions.dll
Register platform support module: C:/Program Files/Unity/Hub/Editor/2022.3.17f1/Editor/Data/PlaybackEngines/WindowsStandaloneSupport/UnityEditor.WindowsStandalone.Extensions.dll
Registered in 0.007269 seconds.
- Loaded All Assemblies, in  0.261 seconds
Native extension for WindowsStandalone target not found
[usbmuxd] Start listen thread
[usbmuxd] Listen thread started
[usbmuxd] Send listen message
Native extension for iOS target not found
Native extension for Android target not found
Android Extension - Scanning For ADB Devices 162 ms
Native extension for WebGL target not found
Mono: successfully reloaded assembly
- Finished resetting the current domain, in  0.423 seconds
Domain Reload Profiling: 683ms
	BeginReloadAssembly (79ms)
		ExecutionOrderSort (0ms)
		DisableScriptedObjects (0ms)
		BackupInstance (0ms)
		ReleaseScriptingObjects (0ms)
		CreateAndSetChildDomain (1ms)
	RebuildCommonClasses (25ms)
	RebuildNativeTypeToScriptingClass (8ms)
	initialDomainReloadingComplete (45ms)
	LoadAllAssembliesAndSetupDomain (103ms)
		LoadAssemblies (78ms)
		RebuildTransferFunctionScriptingTraits (0ms)
		AnalyzeDomain (101ms)
			TypeCache.Refresh (100ms)
				TypeCache.ScanAssembly (90ms)
			ScanForSourceGeneratedMonoScriptInfo (0ms)
			ResolveRequiredComponents (0ms)
	FinalizeReload (424ms)
		ReleaseScriptCaches (0ms)
		RebuildScriptCaches (0ms)
		SetupLoadedEditorAssemblies (380ms)
			LogAssemblyErrors (0ms)
			InitializePlatformSupportModulesInManaged (259ms)
			SetLoadedEditorAssemblies (3ms)
			RefreshPlugins (0ms)
			BeforeProcessingInitializeOnLoad (2ms)
			ProcessInitializeOnLoadAttributes (84ms)
			ProcessInitializeOnLoadMethodAttributes (32ms)
			AfterProcessingInitializeOnLoad (0ms)
			EditorAssembliesLoaded (0ms)
		ExecutionOrderSort2 (0ms)
		AwakeInstancesAfterBackupRestoration (0ms)
========================================================================
Worker process is ready to serve import requests
Begin MonoManager ReloadAssembly
- Loaded All Assemblies, in  0.545 seconds
Refreshing native plugins compatible for Editor in 5.52 ms, found 4 plugins.
Native extension for WindowsStandalone target not found
Native extension for iOS target not found
Native extension for Android target not found
Native extension for WebGL target not found
Package Manager log level set to [2]
[Package Manager] Server::EnsureServerProcessIsRunning -- launch failed, reason: Unity was launched with the -noUpm command-line argument
[Package Manager] UpmClient::Send -- Unable to send message (not connected to UPM process).
[Package Manager] Cannot connect to Unity Package Manager local server
Mono: successfully reloaded assembly
[Package Manager] Server::EnsureServerProcessIsRunning -- launch failed, reason: Unity was launched with the -noUpm command-line argument
[Package Manager] UpmClient::Send -- Unable to send message (not connected to UPM process).
[Package Manager] Cannot connect to Unity Package Manager local server
[Package Manager] Server::EnsureServerProcessIsRunning -- launch failed, reason: Unity was launched with the -noUpm command-line argument
[Package Manager] UpmClient::Send -- Unable to send message (not connected to UPM process).
[Package Manager] Cannot connect to Unity Package Manager local server
- Finished resetting the current domain, in  0.564 seconds
Domain Reload Profiling: 1106ms
	BeginReloadAssembly (109ms)
		ExecutionOrderSort (0ms)
		DisableScriptedObjects (5ms)
		BackupInstance (0ms)
		ReleaseScriptingObjects (0ms)
		CreateAndSetChildDomain (18ms)
	RebuildCommonClasses (23ms)
	RebuildNativeTypeToScriptingClass (8ms)
	initialDomainReloadingComplete (32ms)
	LoadAllAssembliesAndSetupDomain (370ms)
		LoadAssemblies (252ms)
		RebuildTransferFunctionScriptingTraits (0ms)
		AnalyzeDomain (179ms)
			TypeCache.Refresh (144ms)
				TypeCache.ScanAssembly (129ms)
			ScanForSourceGeneratedMonoScriptInfo (26ms)
			ResolveRequiredComponents (8ms)
	FinalizeReload (564ms)
		ReleaseScriptCaches (0ms)
		RebuildScriptCaches (0ms)
		SetupLoadedEditorAssemblies (422ms)
			LogAssemblyErrors (0ms)
			InitializePlatformSupportModulesInManaged (30ms)
			SetLoadedEditorAssemblies (4ms)
			RefreshPlugins (0ms)
			BeforeProcessingInitializeOnLoad (74ms)
			ProcessInitializeOnLoadAttributes (249ms)
			ProcessInitializeOnLoadMethodAttributes (60ms)
			AfterProcessingInitializeOnLoad (5ms)
			EditorAssembliesLoaded (0ms)
		ExecutionOrderSort2 (0ms)
		AwakeInstancesAfterBackupRestoration (4ms)
Launched and connected shader compiler UnityShaderCompiler.exe after 0.03 seconds
Refreshing native plugins compatible for Editor in 5.40 ms, found 4 plugins.
Preloading 0 native plugins for Editor in 0.00 ms.
Unloading 6026 Unused Serialized files (Serialized files now loaded: 0)
Unloading 112 unused Assets / (6.5 MB). Loaded Objects now: 6469.
Memory consumption went from 247.5 MB to 241.0 MB.
Total: 5.888000 ms (FindLiveObjects: 0.421000 ms CreateObjectMapping: 0.165000 ms MarkObjects: 2.767600 ms  DeleteObjects: 2.533700 ms)

AssetImportParameters requested are different than current active one (requested -> active):
  custom:container-demuxer-ogg: 62fdf1f143b41e24485cea50d1cbac27 -> 
  custom:video-decoder-ogg-theora: a1e56fd34408186e4bbccfd4996cb3dc -> 
  custom:framework-win-MediaFoundation: 216162199b28c13a410421893ffa2e32 -> 
  custom:scripting/monoscript/fileName/ImageWithRoundedCornersInspector.cs: 58036d07441aaa7aab419a785ee19e20 -> 
  custom:CustomObjectIndexerAttribute: 62b5816608c3102f162a1797e29626cf -> 
  custom:container-demuxer-webm: 4f35f7cbe854078d1ac9338744f61a02 -> 
  custom:scripting/monoscript/fileName/DestroyHelper.cs: c4ec483e6452756344d552e92fc6e237 -> 
  custom:scripting/monoscript/fileName/ImageWithIndependentRoundedCorners.cs: acdc0f2db4b8e2bc9f101a10a6163409 -> 
  custom:container-muxer-webm: aa71ff27fc2769a1b78a27578f13a17b -> 
  custom:video-decoder-webm-vp8: 9c59270c3fd7afecdb556c50c9e8de78 -> 
  custom:SearchIndexIgnoredProperties: e643bd26f0fe6173181afceb89e7c659 -> 
  custom:AudioImporter_EditorPlatform: d09bf68614088b80899f8185d706f6e7 -> 
  custom:scripting/monoscript/fileName/ImageWithRoundedCorners.cs: 180473c81a89d4b1abd66afe15b5512e -> 
  custom:video-encoder-webm-vp8: eb34c28f22e8b96e1ab97ce403110664 -> 
  custom:scripting/monoscript/fileName/ImageWithIndependentRoundedCornersInspector.cs: 408a4b1008f1539ec89a9c89d5fdd2d3 -> 
  custom:audio-decoder-ogg-vorbis: bf7c407c2cedff20999df2af8eb42d56 -> 
  custom:audio-encoder-webm-vorbis: bf7c407c2cedff20999df2af8eb42d56 -> 
========================================================================
Received Import Request.
  Time since last request: 866355.924301 seconds.
  path: Assets/Assets/GridImages/image1 1.png
  artifactKey: Guid(52cef9fd4ce529045b57223b72ff5d82) Importer(815301076,1909f56bfc062723c751e8b465ee728b)
Start importing Assets/Assets/GridImages/image1 1.png using Guid(52cef9fd4ce529045b57223b72ff5d82) Importer(815301076,1909f56bfc062723c751e8b465ee728b)  -> (artifact id: '7ebbf8ff41d388fe4f1a868b4c757f4c') in 0.087432 seconds
Number of updated asset objects reloaded before import = 0
Number of asset objects unloaded after import = 3
========================================================================
Received Import Request.
  Time since last request: 0.000019 seconds.
  path: Assets/Assets/GridImages/image10 1.png
  artifactKey: Guid(06b1d0b599ae9424f83b099264b8ec95) Importer(815301076,1909f56bfc062723c751e8b465ee728b)
Start importing Assets/Assets/GridImages/image10 1.png using Guid(06b1d0b599ae9424f83b099264b8ec95) Importer(815301076,1909f56bfc062723c751e8b465ee728b)  -> (artifact id: 'e230fa84308875741a43e748d8217a6b') in 0.023051 seconds
Number of updated asset objects reloaded before import = 0
Number of asset objects unloaded after import = 3
========================================================================
Received Import Request.
  Time since last request: 0.000028 seconds.
  path: Assets/Assets/GridImages/image8 1.png
  artifactKey: Guid(2436477d13bf3c44fafef4d434377e06) Importer(815301076,1909f56bfc062723c751e8b465ee728b)
Start importing Assets/Assets/GridImages/image8 1.png using Guid(2436477d13bf3c44fafef4d434377e06) Importer(815301076,1909f56bfc062723c751e8b465ee728b)  -> (artifact id: 'e5ff2f709fd395cb62cb3bb9392ef25d') in 0.023821 seconds
Number of updated asset objects reloaded before import = 0
Number of asset objects unloaded after import = 3
========================================================================
Received Import Request.
  Time since last request: 0.000020 seconds.
  path: Assets/Assets/GridImages/image16 1.png
  artifactKey: Guid(7c76e5217443a6e41b05701db30c09b3) Importer(815301076,1909f56bfc062723c751e8b465ee728b)
Start importing Assets/Assets/GridImages/image16 1.png using Guid(7c76e5217443a6e41b05701db30c09b3) Importer(815301076,1909f56bfc062723c751e8b465ee728b)  -> (artifact id: '07a54523d7ab85e5888dc0df181b72e0') in 0.022940 seconds
Number of updated asset objects reloaded before import = 0
Number of asset objects unloaded after import = 3
========================================================================
Received Import Request.
  Time since last request: 7.859479 seconds.
  path: Assets/Assets/GridImages/image1 1.jpg
  artifactKey: Guid(dbd07becaf09f544690d706247dea517) Importer(815301076,1909f56bfc062723c751e8b465ee728b)
Start importing Assets/Assets/GridImages/image1 1.jpg using Guid(dbd07becaf09f544690d706247dea517) Importer(815301076,1909f56bfc062723c751e8b465ee728b)  -> (artifact id: 'e118db898cfdab164afc8a9cb71103a1') in 0.020893 seconds
Number of updated asset objects reloaded before import = 0
Number of asset objects unloaded after import = 3
========================================================================
Received Import Request.
  Time since last request: 0.000015 seconds.
  path: Assets/Assets/GridImages/image12 2.png
  artifactKey: Guid(c4c0e946288329f4cb3fe633fd71b3fa) Importer(815301076,1909f56bfc062723c751e8b465ee728b)
Start importing Assets/Assets/GridImages/image12 2.png using Guid(c4c0e946288329f4cb3fe633fd71b3fa) Importer(815301076,1909f56bfc062723c751e8b465ee728b)  -> (artifact id: 'd9d0fede5416390e124d8934a76fd649') in 0.024384 seconds
Number of updated asset objects reloaded before import = 0
Number of asset objects unloaded after import = 3
========================================================================
Received Import Request.
  Time since last request: 0.000016 seconds.
  path: Assets/Assets/GridImages/image6 2.png
  artifactKey: Guid(736faa73b52b96741860037afaea3127) Importer(815301076,1909f56bfc062723c751e8b465ee728b)
Start importing Assets/Assets/GridImages/image6 2.png using Guid(736faa73b52b96741860037afaea3127) Importer(815301076,1909f56bfc062723c751e8b465ee728b)  -> (artifact id: 'b360b8f330c1e51392c99c893d4085ff') in 0.020567 seconds
Number of updated asset objects reloaded before import = 0
Number of asset objects unloaded after import = 3
========================================================================
Received Import Request.
  Time since last request: 0.000017 seconds.
  path: Assets/Assets/GridImages/image11 2.png
  artifactKey: Guid(33217c87744a06c4895080cc7306b749) Importer(815301076,1909f56bfc062723c751e8b465ee728b)
Start importing Assets/Assets/GridImages/image11 2.png using Guid(33217c87744a06c4895080cc7306b749) Importer(815301076,1909f56bfc062723c751e8b465ee728b)  -> (artifact id: '3f4ddbf2d926c1b6086d300735325014') in 0.019434 seconds
Number of updated asset objects reloaded before import = 0
Number of asset objects unloaded after import = 3
========================================================================
Received Import Request.
  Time since last request: 0.000015 seconds.
  path: Assets/Assets/GridImages/image5 2.png
  artifactKey: Guid(88dc4761f08f8ad4eb3a00574802c2e6) Importer(815301076,1909f56bfc062723c751e8b465ee728b)
Start importing Assets/Assets/GridImages/image5 2.png using Guid(88dc4761f08f8ad4eb3a00574802c2e6) Importer(815301076,1909f56bfc062723c751e8b465ee728b)  -> (artifact id: '7143752fb8f311bae2e4bb33e7580e6e') in 0.020471 seconds
Number of updated asset objects reloaded before import = 0
Number of asset objects unloaded after import = 3
========================================================================
Received Import Request.
  Time since last request: 8.970454 seconds.
  path: Assets/Assets/GridImages/image1 2.png
  artifactKey: Guid(6e6b79a9e0b97c04f920bf9f48d51558) Importer(815301076,1909f56bfc062723c751e8b465ee728b)
Start importing Assets/Assets/GridImages/image1 2.png using Guid(6e6b79a9e0b97c04f920bf9f48d51558) Importer(815301076,1909f56bfc062723c751e8b465ee728b)  -> (artifact id: 'e50ecfcb56464d2d0a1319a8b66e502d') in 0.021535 seconds
Number of updated asset objects reloaded before import = 0
Number of asset objects unloaded after import = 3
========================================================================
Received Import Request.
  Time since last request: 0.000020 seconds.
  path: Assets/Assets/GridImages/image4 2.jpg
  artifactKey: Guid(0d18caf44c3986b41a4a1cc89c132033) Importer(815301076,1909f56bfc062723c751e8b465ee728b)
Start importing Assets/Assets/GridImages/image4 2.jpg using Guid(0d18caf44c3986b41a4a1cc89c132033) Importer(815301076,1909f56bfc062723c751e8b465ee728b)  -> (artifact id: '7aab416982abcd4cf9a97d4e2834a4d3') in 0.018029 seconds
Number of updated asset objects reloaded before import = 0
Number of asset objects unloaded after import = 3
========================================================================
Received Import Request.
  Time since last request: 0.000032 seconds.
  path: Assets/Assets/GridImages/image5 3.png
  artifactKey: Guid(72cc1d7663ae58645bcc8c5bdd0e51d7) Importer(815301076,1909f56bfc062723c751e8b465ee728b)
Start importing Assets/Assets/GridImages/image5 3.png using Guid(72cc1d7663ae58645bcc8c5bdd0e51d7) Importer(815301076,1909f56bfc062723c751e8b465ee728b)  -> (artifact id: '61f9d21c84e7c17655ac2ec189b30125') in 0.019773 seconds
Number of updated asset objects reloaded before import = 0
Number of asset objects unloaded after import = 3
========================================================================
Received Import Request.
  Time since last request: 7.692384 seconds.
  path: Assets/Assets/GridImages/image1 3.png
  artifactKey: Guid(7f92fed93a1d2fa42b197a110c263834) Importer(815301076,1909f56bfc062723c751e8b465ee728b)
Start importing Assets/Assets/GridImages/image1 3.png using Guid(7f92fed93a1d2fa42b197a110c263834) Importer(815301076,1909f56bfc062723c751e8b465ee728b)  -> (artifact id: 'ef02ed49f7236a7cbfdf112f8be4bf5d') in 0.022635 seconds
Number of updated asset objects reloaded before import = 0
Number of asset objects unloaded after import = 3
========================================================================
Received Import Request.
  Time since last request: 0.000017 seconds.
  path: Assets/Assets/GridImages/image5 4.png
  artifactKey: Guid(34a90ca538f419349a3a1a05d4f246e4) Importer(815301076,1909f56bfc062723c751e8b465ee728b)
Start importing Assets/Assets/GridImages/image5 4.png using Guid(34a90ca538f419349a3a1a05d4f246e4) Importer(815301076,1909f56bfc062723c751e8b465ee728b)  -> (artifact id: '795f6b06abf5293681fcdf1b64592115') in 0.019677 seconds
Number of updated asset objects reloaded before import = 0
Number of asset objects unloaded after import = 3
========================================================================
Received Import Request.
  Time since last request: 0.000013 seconds.
  path: Assets/Assets/GridImages/image6 3.png
  artifactKey: Guid(bf313fee54b616749a3bdae10c643d4c) Importer(815301076,1909f56bfc062723c751e8b465ee728b)
Start importing Assets/Assets/GridImages/image6 3.png using Guid(bf313fee54b616749a3bdae10c643d4c) Importer(815301076,1909f56bfc062723c751e8b465ee728b)  -> (artifact id: '6e645922d76c7495111e895486547cc2') in 0.020540 seconds
Number of updated asset objects reloaded before import = 0
Number of asset objects unloaded after import = 3
========================================================================
Received Import Request.
  Time since last request: 7.532173 seconds.
  path: Assets/Assets/GridImages/image1 4.png
  artifactKey: Guid(dcb6c7552e0740e4f9c3aebd71517fe4) Importer(815301076,1909f56bfc062723c751e8b465ee728b)
Start importing Assets/Assets/GridImages/image1 4.png using Guid(dcb6c7552e0740e4f9c3aebd71517fe4) Importer(815301076,1909f56bfc062723c751e8b465ee728b)  -> (artifact id: 'a24fc00cbfcd89644c0f7ecf1d23e754') in 0.022295 seconds
Number of updated asset objects reloaded before import = 0
Number of asset objects unloaded after import = 3
========================================================================
Received Import Request.
  Time since last request: 0.000017 seconds.
  path: Assets/Assets/GridImages/image4 3.png
  artifactKey: Guid(ba276071ad23e3740a7e3f90829e1526) Importer(815301076,1909f56bfc062723c751e8b465ee728b)
Start importing Assets/Assets/GridImages/image4 3.png using Guid(ba276071ad23e3740a7e3f90829e1526) Importer(815301076,1909f56bfc062723c751e8b465ee728b)  -> (artifact id: '9d572d7f0558b2ac1a2165fddb1ae1f3') in 0.017923 seconds
Number of updated asset objects reloaded before import = 0
Number of asset objects unloaded after import = 3
========================================================================
Received Import Request.
  Time since last request: 6.563041 seconds.
  path: Assets/Assets/GridImages/image1 2.jpg
  artifactKey: Guid(914f3026c5cc28c4cb6e9974bcc160b3) Importer(815301076,1909f56bfc062723c751e8b465ee728b)
Start importing Assets/Assets/GridImages/image1 2.jpg using Guid(914f3026c5cc28c4cb6e9974bcc160b3) Importer(815301076,1909f56bfc062723c751e8b465ee728b)  -> (artifact id: '70f5fc045a720f8e5f6a01fd5c111171') in 0.022300 seconds
Number of updated asset objects reloaded before import = 0
Number of asset objects unloaded after import = 3
========================================================================
Received Import Request.
  Time since last request: 0.000015 seconds.
  path: Assets/Assets/GridImages/image7 2.jpg
  artifactKey: Guid(810c75f2f5965764ab4747dec854ad2f) Importer(815301076,1909f56bfc062723c751e8b465ee728b)
Start importing Assets/Assets/GridImages/image7 2.jpg using Guid(810c75f2f5965764ab4747dec854ad2f) Importer(815301076,1909f56bfc062723c751e8b465ee728b)  -> (artifact id: 'e5d8b33849fbc18c4ce11172a6b26800') in 0.019214 seconds
Number of updated asset objects reloaded before import = 0
Number of asset objects unloaded after import = 3
========================================================================
Received Import Request.
  Time since last request: 0.000020 seconds.
  path: Assets/Assets/GridImages/image6 5.png
  artifactKey: Guid(f9e41ba7aa1d9504c890d401f7063c3f) Importer(815301076,1909f56bfc062723c751e8b465ee728b)
Start importing Assets/Assets/GridImages/image6 5.png using Guid(f9e41ba7aa1d9504c890d401f7063c3f) Importer(815301076,1909f56bfc062723c751e8b465ee728b)  -> (artifact id: 'a4ab8e323273420f0b3197b0999cfea2') in 0.017926 seconds
Number of updated asset objects reloaded before import = 0
Number of asset objects unloaded after import = 3
========================================================================
Received Import Request.
  Time since last request: 9.614424 seconds.
  path: Assets/Assets/GridImages/image1 5.png
  artifactKey: Guid(2a88b9940cca9c347a6e20ec884be0db) Importer(815301076,1909f56bfc062723c751e8b465ee728b)
Start importing Assets/Assets/GridImages/image1 5.png using Guid(2a88b9940cca9c347a6e20ec884be0db) Importer(815301076,1909f56bfc062723c751e8b465ee728b)  -> (artifact id: '60102af2a499524f6e95c73ee375c4e2') in 0.023992 seconds
Number of updated asset objects reloaded before import = 0
Number of asset objects unloaded after import = 3
========================================================================
Received Import Request.
  Time since last request: 0.000016 seconds.
  path: Assets/Assets/GridImages/image6 2.jpg
  artifactKey: Guid(6cdcedf0533f2564d8027be16d35b9dd) Importer(815301076,1909f56bfc062723c751e8b465ee728b)
Start importing Assets/Assets/GridImages/image6 2.jpg using Guid(6cdcedf0533f2564d8027be16d35b9dd) Importer(815301076,1909f56bfc062723c751e8b465ee728b)  -> (artifact id: '3e0e5fbd585c56b82c9ebf2686c6f185') in 0.020790 seconds
Number of updated asset objects reloaded before import = 0
Number of asset objects unloaded after import = 3
========================================================================
Received Prepare
Begin MonoManager ReloadAssembly
- Loaded All Assemblies, in  0.462 seconds
Refreshing native plugins compatible for Editor in 5.76 ms, found 4 plugins.
Native extension for WindowsStandalone target not found
Native extension for iOS target not found
Native extension for Android target not found
Native extension for WebGL target not found
[Package Manager] Server::EnsureServerProcessIsRunning -- launch failed, reason: Unity was launched with the -noUpm command-line argument
[Package Manager] UpmClient::Send -- Unable to send message (not connected to UPM process).
[Package Manager] Cannot connect to Unity Package Manager local server
Mono: successfully reloaded assembly
[Package Manager] Server::EnsureServerProcessIsRunning -- launch failed, reason: Unity was launched with the -noUpm command-line argument
[Package Manager] UpmClient::Send -- Unable to send message (not connected to UPM process).
[Package Manager] Cannot connect to Unity Package Manager local server
- Finished resetting the current domain, in  1.135 seconds
Domain Reload Profiling: 1594ms
	BeginReloadAssembly (156ms)
		ExecutionOrderSort (0ms)
		DisableScriptedObjects (8ms)
		BackupInstance (0ms)
		ReleaseScriptingObjects (0ms)
		CreateAndSetChildDomain (42ms)
	RebuildCommonClasses (24ms)
	RebuildNativeTypeToScriptingClass (9ms)
	initialDomainReloadingComplete (26ms)
	LoadAllAssembliesAndSetupDomain (243ms)
		LoadAssemblies (282ms)
		RebuildTransferFunctionScriptingTraits (0ms)
		AnalyzeDomain (36ms)
			TypeCache.Refresh (9ms)
				TypeCache.ScanAssembly (0ms)
			ScanForSourceGeneratedMonoScriptInfo (18ms)
			ResolveRequiredComponents (8ms)
	FinalizeReload (1136ms)
		ReleaseScriptCaches (0ms)
		RebuildScriptCaches (0ms)
		SetupLoadedEditorAssemblies (404ms)
			LogAssemblyErrors (0ms)
			InitializePlatformSupportModulesInManaged (27ms)
			SetLoadedEditorAssemblies (4ms)
			RefreshPlugins (0ms)
			BeforeProcessingInitializeOnLoad (77ms)
			ProcessInitializeOnLoadAttributes (231ms)
			ProcessInitializeOnLoadMethodAttributes (59ms)
			AfterProcessingInitializeOnLoad (6ms)
			EditorAssembliesLoaded (0ms)
		ExecutionOrderSort2 (0ms)
		AwakeInstancesAfterBackupRestoration (12ms)
Refreshing native plugins compatible for Editor in 6.20 ms, found 4 plugins.
Preloading 0 native plugins for Editor in 0.00 ms.
Unloading 5859 Unused Serialized files (Serialized files now loaded: 0)
Unloading 75 unused Assets / (6.5 MB). Loaded Objects now: 6502.
Memory consumption went from 218.1 MB to 211.6 MB.
Total: 6.147300 ms (FindLiveObjects: 0.369200 ms CreateObjectMapping: 0.161600 ms MarkObjects: 2.623500 ms  DeleteObjects: 2.992300 ms)

Prepare: number of updated asset objects reloaded= 0
AssetImportParameters requested are different than current active one (requested -> active):
  custom:container-demuxer-ogg: 62fdf1f143b41e24485cea50d1cbac27 -> 
  custom:video-decoder-ogg-theora: a1e56fd34408186e4bbccfd4996cb3dc -> 
  custom:framework-win-MediaFoundation: 216162199b28c13a410421893ffa2e32 -> 
  custom:scripting/monoscript/fileName/ImageWithRoundedCornersInspector.cs: 58036d07441aaa7aab419a785ee19e20 -> 
  custom:CustomObjectIndexerAttribute: 62b5816608c3102f162a1797e29626cf -> 
  custom:container-demuxer-webm: 4f35f7cbe854078d1ac9338744f61a02 -> 
  custom:scripting/monoscript/fileName/DestroyHelper.cs: c4ec483e6452756344d552e92fc6e237 -> 
  custom:scripting/monoscript/fileName/ImageWithIndependentRoundedCorners.cs: acdc0f2db4b8e2bc9f101a10a6163409 -> 
  custom:container-muxer-webm: aa71ff27fc2769a1b78a27578f13a17b -> 
  custom:video-decoder-webm-vp8: 9c59270c3fd7afecdb556c50c9e8de78 -> 
  custom:SearchIndexIgnoredProperties: e643bd26f0fe6173181afceb89e7c659 -> 
  custom:AudioImporter_EditorPlatform: d09bf68614088b80899f8185d706f6e7 -> 
  custom:scripting/monoscript/fileName/ImageWithRoundedCorners.cs: 180473c81a89d4b1abd66afe15b5512e -> 
  custom:video-encoder-webm-vp8: eb34c28f22e8b96e1ab97ce403110664 -> 
  custom:scripting/monoscript/fileName/ImageWithIndependentRoundedCornersInspector.cs: 408a4b1008f1539ec89a9c89d5fdd2d3 -> 
  custom:audio-decoder-ogg-vorbis: bf7c407c2cedff20999df2af8eb42d56 -> 
  custom:audio-encoder-webm-vorbis: bf7c407c2cedff20999df2af8eb42d56 -> 
========================================================================
Received Prepare
Begin MonoManager ReloadAssembly
- Loaded All Assemblies, in  0.439 seconds
Refreshing native plugins compatible for Editor in 8.01 ms, found 4 plugins.
Native extension for WindowsStandalone target not found
Native extension for iOS target not found
Native extension for Android target not found
Native extension for WebGL target not found
[Package Manager] Server::EnsureServerProcessIsRunning -- launch failed, reason: Unity was launched with the -noUpm command-line argument
[Package Manager] UpmClient::Send -- Unable to send message (not connected to UPM process).
[Package Manager] Cannot connect to Unity Package Manager local server
Mono: successfully reloaded assembly
[Package Manager] Server::EnsureServerProcessIsRunning -- launch failed, reason: Unity was launched with the -noUpm command-line argument
[Package Manager] UpmClient::Send -- Unable to send message (not connected to UPM process).
[Package Manager] Cannot connect to Unity Package Manager local server
- Finished resetting the current domain, in  1.063 seconds
Domain Reload Profiling: 1498ms
	BeginReloadAssembly (142ms)
		ExecutionOrderSort (0ms)
		DisableScriptedObjects (9ms)
		BackupInstance (0ms)
		ReleaseScriptingObjects (0ms)
		CreateAndSetChildDomain (44ms)
	RebuildCommonClasses (24ms)
	RebuildNativeTypeToScriptingClass (8ms)
	initialDomainReloadingComplete (24ms)
	LoadAllAssembliesAndSetupDomain (237ms)
		LoadAssemblies (260ms)
		RebuildTransferFunctionScriptingTraits (0ms)
		AnalyzeDomain (38ms)
			TypeCache.Refresh (8ms)
				TypeCache.ScanAssembly (0ms)
			ScanForSourceGeneratedMonoScriptInfo (18ms)
			ResolveRequiredComponents (10ms)
	FinalizeReload (1063ms)
		ReleaseScriptCaches (0ms)
		RebuildScriptCaches (0ms)
		SetupLoadedEditorAssemblies (417ms)
			LogAssemblyErrors (0ms)
			InitializePlatformSupportModulesInManaged (31ms)
			SetLoadedEditorAssemblies (4ms)
			RefreshPlugins (0ms)
			BeforeProcessingInitializeOnLoad (77ms)
			ProcessInitializeOnLoadAttributes (242ms)
			ProcessInitializeOnLoadMethodAttributes (59ms)
			AfterProcessingInitializeOnLoad (5ms)
			EditorAssembliesLoaded (0ms)
		ExecutionOrderSort2 (0ms)
		AwakeInstancesAfterBackupRestoration (13ms)
Refreshing native plugins compatible for Editor in 5.57 ms, found 4 plugins.
Preloading 0 native plugins for Editor in 0.00 ms.
Unloading 5859 Unused Serialized files (Serialized files now loaded: 0)
Unloading 75 unused Assets / (6.5 MB). Loaded Objects now: 6507.
Memory consumption went from 220.0 MB to 213.5 MB.
Total: 6.411600 ms (FindLiveObjects: 0.374500 ms CreateObjectMapping: 0.257100 ms MarkObjects: 2.455800 ms  DeleteObjects: 3.323300 ms)

Prepare: number of updated asset objects reloaded= 0
AssetImportParameters requested are different than current active one (requested -> active):
  custom:container-demuxer-ogg: 62fdf1f143b41e24485cea50d1cbac27 -> 
  custom:video-decoder-ogg-theora: a1e56fd34408186e4bbccfd4996cb3dc -> 
  custom:framework-win-MediaFoundation: 216162199b28c13a410421893ffa2e32 -> 
  custom:scripting/monoscript/fileName/ImageWithRoundedCornersInspector.cs: 58036d07441aaa7aab419a785ee19e20 -> 
  custom:CustomObjectIndexerAttribute: 62b5816608c3102f162a1797e29626cf -> 
  custom:container-demuxer-webm: 4f35f7cbe854078d1ac9338744f61a02 -> 
  custom:scripting/monoscript/fileName/DestroyHelper.cs: c4ec483e6452756344d552e92fc6e237 -> 
  custom:scripting/monoscript/fileName/ImageWithIndependentRoundedCorners.cs: acdc0f2db4b8e2bc9f101a10a6163409 -> 
  custom:container-muxer-webm: aa71ff27fc2769a1b78a27578f13a17b -> 
  custom:video-decoder-webm-vp8: 9c59270c3fd7afecdb556c50c9e8de78 -> 
  custom:SearchIndexIgnoredProperties: e643bd26f0fe6173181afceb89e7c659 -> 
  custom:AudioImporter_EditorPlatform: d09bf68614088b80899f8185d706f6e7 -> 
  custom:scripting/monoscript/fileName/ImageWithRoundedCorners.cs: 180473c81a89d4b1abd66afe15b5512e -> 
  custom:video-encoder-webm-vp8: eb34c28f22e8b96e1ab97ce403110664 -> 
  custom:scripting/monoscript/fileName/ImageWithIndependentRoundedCornersInspector.cs: 408a4b1008f1539ec89a9c89d5fdd2d3 -> 
  custom:audio-decoder-ogg-vorbis: bf7c407c2cedff20999df2af8eb42d56 -> 
  custom:audio-encoder-webm-vorbis: bf7c407c2cedff20999df2af8eb42d56 -> 
========================================================================
Received Prepare
Begin MonoManager ReloadAssembly
- Loaded All Assemblies, in  0.446 seconds
Refreshing native plugins compatible for Editor in 5.65 ms, found 4 plugins.
Native extension for WindowsStandalone target not found
Native extension for iOS target not found
Native extension for Android target not found
Native extension for WebGL target not found
[Package Manager] Server::EnsureServerProcessIsRunning -- launch failed, reason: Unity was launched with the -noUpm command-line argument
[Package Manager] UpmClient::Send -- Unable to send message (not connected to UPM process).
[Package Manager] Cannot connect to Unity Package Manager local server
Mono: successfully reloaded assembly
[Package Manager] Server::EnsureServerProcessIsRunning -- launch failed, reason: Unity was launched with the -noUpm command-line argument
[Package Manager] UpmClient::Send -- Unable to send message (not connected to UPM process).
[Package Manager] Cannot connect to Unity Package Manager local server
- Finished resetting the current domain, in  1.059 seconds
Domain Reload Profiling: 1502ms
	BeginReloadAssembly (143ms)
		ExecutionOrderSort (0ms)
		DisableScriptedObjects (9ms)
		BackupInstance (0ms)
		ReleaseScriptingObjects (0ms)
		CreateAndSetChildDomain (38ms)
	RebuildCommonClasses (25ms)
	RebuildNativeTypeToScriptingClass (8ms)
	initialDomainReloadingComplete (30ms)
	LoadAllAssembliesAndSetupDomain (237ms)
		LoadAssemblies (266ms)
		RebuildTransferFunctionScriptingTraits (0ms)
		AnalyzeDomain (37ms)
			TypeCache.Refresh (10ms)
				TypeCache.ScanAssembly (0ms)
			ScanForSourceGeneratedMonoScriptInfo (18ms)
			ResolveRequiredComponents (8ms)
	FinalizeReload (1059ms)
		ReleaseScriptCaches (0ms)
		RebuildScriptCaches (0ms)
		SetupLoadedEditorAssemblies (412ms)
			LogAssemblyErrors (0ms)
			InitializePlatformSupportModulesInManaged (26ms)
			SetLoadedEditorAssemblies (3ms)
			RefreshPlugins (0ms)
			BeforeProcessingInitializeOnLoad (75ms)
			ProcessInitializeOnLoadAttributes (240ms)
			ProcessInitializeOnLoadMethodAttributes (63ms)
			AfterProcessingInitializeOnLoad (5ms)
			EditorAssembliesLoaded (0ms)
		ExecutionOrderSort2 (0ms)
		AwakeInstancesAfterBackupRestoration (12ms)
Refreshing native plugins compatible for Editor in 6.76 ms, found 4 plugins.
Preloading 0 native plugins for Editor in 0.00 ms.
Unloading 5859 Unused Serialized files (Serialized files now loaded: 0)
Unloading 75 unused Assets / (6.5 MB). Loaded Objects now: 6512.
Memory consumption went from 221.9 MB to 215.5 MB.
Total: 7.426300 ms (FindLiveObjects: 0.494000 ms CreateObjectMapping: 0.389100 ms MarkObjects: 3.173300 ms  DeleteObjects: 3.369200 ms)

Prepare: number of updated asset objects reloaded= 0
AssetImportParameters requested are different than current active one (requested -> active):
  custom:container-demuxer-ogg: 62fdf1f143b41e24485cea50d1cbac27 -> 
  custom:video-decoder-ogg-theora: a1e56fd34408186e4bbccfd4996cb3dc -> 
  custom:framework-win-MediaFoundation: 216162199b28c13a410421893ffa2e32 -> 
  custom:scripting/monoscript/fileName/ImageWithRoundedCornersInspector.cs: 58036d07441aaa7aab419a785ee19e20 -> 
  custom:CustomObjectIndexerAttribute: 62b5816608c3102f162a1797e29626cf -> 
  custom:container-demuxer-webm: 4f35f7cbe854078d1ac9338744f61a02 -> 
  custom:scripting/monoscript/fileName/DestroyHelper.cs: c4ec483e6452756344d552e92fc6e237 -> 
  custom:scripting/monoscript/fileName/ImageWithIndependentRoundedCorners.cs: acdc0f2db4b8e2bc9f101a10a6163409 -> 
  custom:container-muxer-webm: aa71ff27fc2769a1b78a27578f13a17b -> 
  custom:video-decoder-webm-vp8: 9c59270c3fd7afecdb556c50c9e8de78 -> 
  custom:SearchIndexIgnoredProperties: e643bd26f0fe6173181afceb89e7c659 -> 
  custom:AudioImporter_EditorPlatform: d09bf68614088b80899f8185d706f6e7 -> 
  custom:scripting/monoscript/fileName/ImageWithRoundedCorners.cs: 180473c81a89d4b1abd66afe15b5512e -> 
  custom:video-encoder-webm-vp8: eb34c28f22e8b96e1ab97ce403110664 -> 
  custom:scripting/monoscript/fileName/ImageWithIndependentRoundedCornersInspector.cs: 408a4b1008f1539ec89a9c89d5fdd2d3 -> 
  custom:audio-decoder-ogg-vorbis: bf7c407c2cedff20999df2af8eb42d56 -> 
  custom:audio-encoder-webm-vorbis: bf7c407c2cedff20999df2af8eb42d56 -> 
========================================================================
Received Import Request.
  Time since last request: 283.096752 seconds.
  path: Assets/Assets/GridImages/image7 5.png
  artifactKey: Guid(7b43372f8fca9b448aa745e6487cfd21) Importer(815301076,1909f56bfc062723c751e8b465ee728b)
Start importing Assets/Assets/GridImages/image7 5.png using Guid(7b43372f8fca9b448aa745e6487cfd21) Importer(815301076,1909f56bfc062723c751e8b465ee728b)  -> (artifact id: 'b3578912d5dd05babe3166a57e85adb1') in 0.063996 seconds
Number of updated asset objects reloaded before import = 0
Number of asset objects unloaded after import = 3
========================================================================
Received Import Request.
  Time since last request: 0.000017 seconds.
  path: Assets/Assets/GridImages/image8 6.png
  artifactKey: Guid(a4012e1867b8fc841b135d290f1f9ccf) Importer(815301076,1909f56bfc062723c751e8b465ee728b)
Start importing Assets/Assets/GridImages/image8 6.png using Guid(a4012e1867b8fc841b135d290f1f9ccf) Importer(815301076,1909f56bfc062723c751e8b465ee728b)  -> (artifact id: 'a35e6a4e202743c87c5d41316802ba06') in 0.020774 seconds
Number of updated asset objects reloaded before import = 0
Number of asset objects unloaded after import = 3
========================================================================
Received Import Request.
  Time since last request: 0.000025 seconds.
  path: Assets/Assets/GridImages/image10 3.png
  artifactKey: Guid(9b0bb28d9f4e4ff4fab8db383ba19eab) Importer(815301076,1909f56bfc062723c751e8b465ee728b)
Start importing Assets/Assets/GridImages/image10 3.png using Guid(9b0bb28d9f4e4ff4fab8db383ba19eab) Importer(815301076,1909f56bfc062723c751e8b465ee728b)  -> (artifact id: '611ece1f6384e09a4a08e4593ceaf37d') in 0.019496 seconds
Number of updated asset objects reloaded before import = 0
Number of asset objects unloaded after import = 3
========================================================================
Received Import Request.
  Time since last request: 0.000018 seconds.
  path: Assets/Assets/GridImages/image9 5.png
  artifactKey: Guid(1dd500e8e20a1714c9550b9603e87664) Importer(815301076,1909f56bfc062723c751e8b465ee728b)
Start importing Assets/Assets/GridImages/image9 5.png using Guid(1dd500e8e20a1714c9550b9603e87664) Importer(815301076,1909f56bfc062723c751e8b465ee728b)  -> (artifact id: '6a140dd1224718f1a3c87b5dabdf8996') in 0.016130 seconds
Number of updated asset objects reloaded before import = 0
Number of asset objects unloaded after import = 3
========================================================================
Received Import Request.
  Time since last request: 0.000012 seconds.
  path: Assets/Assets/GridImages/image10 4.png
  artifactKey: Guid(1ccfdcb531b4272438bc3de5c0b1513c) Importer(815301076,1909f56bfc062723c751e8b465ee728b)
Start importing Assets/Assets/GridImages/image10 4.png using Guid(1ccfdcb531b4272438bc3de5c0b1513c) Importer(815301076,1909f56bfc062723c751e8b465ee728b)  -> (artifact id: '5c3a2baddd8e950ac33b88c316d384ab') in 0.019395 seconds
Number of updated asset objects reloaded before import = 0
Number of asset objects unloaded after import = 3
========================================================================
Received Import Request.
  Time since last request: 0.000014 seconds.
  path: Assets/Assets/GridImages/image10 5.png
  artifactKey: Guid(1b627f16fa422d54ca0a461953c20d54) Importer(815301076,1909f56bfc062723c751e8b465ee728b)
Start importing Assets/Assets/GridImages/image10 5.png using Guid(1b627f16fa422d54ca0a461953c20d54) Importer(815301076,1909f56bfc062723c751e8b465ee728b)  -> (artifact id: 'ba85eb98082fdf8f2ac0598aa5a04d0d') in 0.020828 seconds
Number of updated asset objects reloaded before import = 0
Number of asset objects unloaded after import = 3
========================================================================
Received Import Request.
  Time since last request: 0.106378 seconds.
  path: Assets/Assets/GridImages/image11 2.jpg
  artifactKey: Guid(9d7c5cb7a6cd9df4c9d2c8ad74d58417) Importer(815301076,1909f56bfc062723c751e8b465ee728b)
Start importing Assets/Assets/GridImages/image11 2.jpg using Guid(9d7c5cb7a6cd9df4c9d2c8ad74d58417) Importer(815301076,1909f56bfc062723c751e8b465ee728b)  -> (artifact id: 'c3fb79cd166e7ae7b22ee8a7d26c70ff') in 0.019555 seconds
Number of updated asset objects reloaded before import = 0
Number of asset objects unloaded after import = 3
========================================================================
Received Import Request.
  Time since last request: 0.000017 seconds.
  path: Assets/Assets/GridImages/image11 4.png
  artifactKey: Guid(33c6703025c9f7048b7fa9448e17ffbb) Importer(815301076,1909f56bfc062723c751e8b465ee728b)
Start importing Assets/Assets/GridImages/image11 4.png using Guid(33c6703025c9f7048b7fa9448e17ffbb) Importer(815301076,1909f56bfc062723c751e8b465ee728b)  -> (artifact id: '267b536675bccfc89cb5932598dfa6c0') in 0.018624 seconds
Number of updated asset objects reloaded before import = 0
Number of asset objects unloaded after import = 3
========================================================================
Received Import Request.
  Time since last request: 0.000022 seconds.
  path: Assets/Assets/GridImages/image13 6.png
  artifactKey: Guid(7b54fe71d15719d4eb47e99cf75de30d) Importer(815301076,1909f56bfc062723c751e8b465ee728b)
Start importing Assets/Assets/GridImages/image13 6.png using Guid(7b54fe71d15719d4eb47e99cf75de30d) Importer(815301076,1909f56bfc062723c751e8b465ee728b)  -> (artifact id: '9e04d8233e92f36b56eec7d534ce6b6f') in 0.020005 seconds
Number of updated asset objects reloaded before import = 0
Number of asset objects unloaded after import = 3
========================================================================
Received Import Request.
  Time since last request: 0.000014 seconds.
  path: Assets/Assets/GridImages/image13 4.png
  artifactKey: Guid(4f81cb3af557d3b41a76355c93111a61) Importer(815301076,1909f56bfc062723c751e8b465ee728b)
Start importing Assets/Assets/GridImages/image13 4.png using Guid(4f81cb3af557d3b41a76355c93111a61) Importer(815301076,1909f56bfc062723c751e8b465ee728b)  -> (artifact id: '34adab61956dbbf9c94a85d560734847') in 0.017687 seconds
Number of updated asset objects reloaded before import = 0
Number of asset objects unloaded after import = 3
========================================================================
Received Import Request.
  Time since last request: 0.000013 seconds.
  path: Assets/Assets/GridImages/image11 5.png
  artifactKey: Guid(f798f54e27906094794872b2158ed247) Importer(815301076,1909f56bfc062723c751e8b465ee728b)
Start importing Assets/Assets/GridImages/image11 5.png using Guid(f798f54e27906094794872b2158ed247) Importer(815301076,1909f56bfc062723c751e8b465ee728b)  -> (artifact id: '67111cf326cadc68c04d547e61acf1e0') in 0.016791 seconds
Number of updated asset objects reloaded before import = 0
Number of asset objects unloaded after import = 3
========================================================================
Received Import Request.
  Time since last request: 0.000017 seconds.
  path: Assets/Assets/GridImages/image12 5.png
  artifactKey: Guid(6a6e3053d36d97e498279d8e51c0a540) Importer(815301076,1909f56bfc062723c751e8b465ee728b)
Start importing Assets/Assets/GridImages/image12 5.png using Guid(6a6e3053d36d97e498279d8e51c0a540) Importer(815301076,1909f56bfc062723c751e8b465ee728b)  -> (artifact id: '86f0d62db585199bfaa5f250abeb4779') in 0.018354 seconds
Number of updated asset objects reloaded before import = 0
Number of asset objects unloaded after import = 3
========================================================================
Received Import Request.
  Time since last request: 0.000017 seconds.
  path: Assets/Assets/GridImages/image13 2.png
  artifactKey: Guid(8755fe0974bbd0d40a975b292863bb23) Importer(815301076,1909f56bfc062723c751e8b465ee728b)
Start importing Assets/Assets/GridImages/image13 2.png using Guid(8755fe0974bbd0d40a975b292863bb23) Importer(815301076,1909f56bfc062723c751e8b465ee728b)  -> (artifact id: '7b1da3f1d0e11b432e62844cf7b87f6a') in 0.019335 seconds
Number of updated asset objects reloaded before import = 0
Number of asset objects unloaded after import = 3
========================================================================
Received Import Request.
  Time since last request: 0.074675 seconds.
  path: Assets/Assets/GridImages/image14 1.jpg
  artifactKey: Guid(4ab05b2a133c5c7469f7ed64f09a8330) Importer(815301076,1909f56bfc062723c751e8b465ee728b)
Start importing Assets/Assets/GridImages/image14 1.jpg using Guid(4ab05b2a133c5c7469f7ed64f09a8330) Importer(815301076,1909f56bfc062723c751e8b465ee728b)  -> (artifact id: '8dd571e94a23d0971b85cb53b8fe5798') in 0.018474 seconds
Number of updated asset objects reloaded before import = 0
Number of asset objects unloaded after import = 3
========================================================================
Received Import Request.
  Time since last request: 0.000019 seconds.
  path: Assets/Assets/GridImages/image15 3.png
  artifactKey: Guid(effd7277d3e7c7e4ca86fd7009e60101) Importer(815301076,1909f56bfc062723c751e8b465ee728b)
Start importing Assets/Assets/GridImages/image15 3.png using Guid(effd7277d3e7c7e4ca86fd7009e60101) Importer(815301076,1909f56bfc062723c751e8b465ee728b)  -> (artifact id: '7b6b9973dbf129ea2ce6b58a3d9e514c') in 0.016876 seconds
Number of updated asset objects reloaded before import = 0
Number of asset objects unloaded after import = 3
========================================================================
Received Import Request.
  Time since last request: 0.000018 seconds.
  path: Assets/Assets/GridImages/image16 3.png
  artifactKey: Guid(8db037d4909fe3142ac50e3a952cce32) Importer(815301076,1909f56bfc062723c751e8b465ee728b)
Start importing Assets/Assets/GridImages/image16 3.png using Guid(8db037d4909fe3142ac50e3a952cce32) Importer(815301076,1909f56bfc062723c751e8b465ee728b)  -> (artifact id: 'eca4fac31da75a190572a1171abbc943') in 0.017365 seconds
Number of updated asset objects reloaded before import = 0
Number of asset objects unloaded after import = 3
========================================================================
Received Import Request.
  Time since last request: 0.000014 seconds.
  path: Assets/Assets/GridImages/image15 5.png
  artifactKey: Guid(743cb20814ac7734686a55f7818f88e5) Importer(815301076,1909f56bfc062723c751e8b465ee728b)
Start importing Assets/Assets/GridImages/image15 5.png using Guid(743cb20814ac7734686a55f7818f88e5) Importer(815301076,1909f56bfc062723c751e8b465ee728b)  -> (artifact id: '5de279a0a0715979a631f4c98c48ba62') in 0.016872 seconds
Number of updated asset objects reloaded before import = 0
Number of asset objects unloaded after import = 3
========================================================================
Received Import Request.
  Time since last request: 0.000013 seconds.
  path: Assets/Assets/GridImages/image14 3.png
  artifactKey: Guid(e7937185e46c5cb4ead1e80c949e2c1d) Importer(815301076,1909f56bfc062723c751e8b465ee728b)
Start importing Assets/Assets/GridImages/image14 3.png using Guid(e7937185e46c5cb4ead1e80c949e2c1d) Importer(815301076,1909f56bfc062723c751e8b465ee728b)  -> (artifact id: '423a8fdb75eafc4557df8783db230c1c') in 0.016685 seconds
Number of updated asset objects reloaded before import = 0
Number of asset objects unloaded after import = 3
========================================================================
Received Import Request.
  Time since last request: 0.000013 seconds.
  path: Assets/Assets/GridImages/image16 2.jpg
  artifactKey: Guid(208c3e9a7f95f844da8e3c6b7e980c7b) Importer(815301076,1909f56bfc062723c751e8b465ee728b)
Start importing Assets/Assets/GridImages/image16 2.jpg using Guid(208c3e9a7f95f844da8e3c6b7e980c7b) Importer(815301076,1909f56bfc062723c751e8b465ee728b)  -> (artifact id: 'af51174e166d755393d28dc7bd2db42c') in 0.020651 seconds
Number of updated asset objects reloaded before import = 0
Number of asset objects unloaded after import = 3
========================================================================
Received Import Request.
  Time since last request: 0.000014 seconds.
  path: Assets/Assets/GridImages/image16 2.png
  artifactKey: Guid(df2175fb92ad4a94599fc47a4f69b2d2) Importer(815301076,1909f56bfc062723c751e8b465ee728b)
Start importing Assets/Assets/GridImages/image16 2.png using Guid(df2175fb92ad4a94599fc47a4f69b2d2) Importer(815301076,1909f56bfc062723c751e8b465ee728b)  -> (artifact id: 'cb1ce8e1798dcf69767ee5ff9643af5b') in 0.018229 seconds
Number of updated asset objects reloaded before import = 0
Number of asset objects unloaded after import = 3
========================================================================
Received Import Request.
  Time since last request: 0.000017 seconds.
  path: Assets/Assets/GridImages/image16 1.jpg
  artifactKey: Guid(f775be2980741474fae4fd5c83229477) Importer(815301076,1909f56bfc062723c751e8b465ee728b)
Start importing Assets/Assets/GridImages/image16 1.jpg using Guid(f775be2980741474fae4fd5c83229477) Importer(815301076,1909f56bfc062723c751e8b465ee728b)  -> (artifact id: '638d895f5550d02bdaa573217e85761f') in 0.019220 seconds
Number of updated asset objects reloaded before import = 0
Number of asset objects unloaded after import = 3
========================================================================
Received Import Request.
  Time since last request: 0.000013 seconds.
  path: Assets/Assets/GridImages/image15 1.png
  artifactKey: Guid(11bf0563a70311545b6ae2c3bfe42a67) Importer(815301076,1909f56bfc062723c751e8b465ee728b)
Start importing Assets/Assets/GridImages/image15 1.png using Guid(11bf0563a70311545b6ae2c3bfe42a67) Importer(815301076,1909f56bfc062723c751e8b465ee728b)  -> (artifact id: 'a4d8eb7b97084759234e925e9a057bb2') in 0.018906 seconds
Number of updated asset objects reloaded before import = 0
Number of asset objects unloaded after import = 3
========================================================================
Received Prepare
Begin MonoManager ReloadAssembly
- Loaded All Assemblies, in  0.470 seconds
Refreshing native plugins compatible for Editor in 5.55 ms, found 4 plugins.
Native extension for WindowsStandalone target not found
Native extension for iOS target not found
Native extension for Android target not found
Native extension for WebGL target not found
[Package Manager] Server::EnsureServerProcessIsRunning -- launch failed, reason: Unity was launched with the -noUpm command-line argument
[Package Manager] UpmClient::Send -- Unable to send message (not connected to UPM process).
[Package Manager] Cannot connect to Unity Package Manager local server
Mono: successfully reloaded assembly
[Package Manager] Server::EnsureServerProcessIsRunning -- launch failed, reason: Unity was launched with the -noUpm command-line argument
[Package Manager] UpmClient::Send -- Unable to send message (not connected to UPM process).
[Package Manager] Cannot connect to Unity Package Manager local server
- Finished resetting the current domain, in  1.065 seconds
Domain Reload Profiling: 1532ms
	BeginReloadAssembly (153ms)
		ExecutionOrderSort (0ms)
		DisableScriptedObjects (9ms)
		BackupInstance (0ms)
		ReleaseScriptingObjects (0ms)
		CreateAndSetChildDomain (40ms)
	RebuildCommonClasses (23ms)
	RebuildNativeTypeToScriptingClass (9ms)
	initialDomainReloadingComplete (25ms)
	LoadAllAssembliesAndSetupDomain (255ms)
		LoadAssemblies (276ms)
		RebuildTransferFunctionScriptingTraits (0ms)
		AnalyzeDomain (51ms)
			TypeCache.Refresh (11ms)
				TypeCache.ScanAssembly (0ms)
			ScanForSourceGeneratedMonoScriptInfo (29ms)
			ResolveRequiredComponents (10ms)
	FinalizeReload (1066ms)
		ReleaseScriptCaches (0ms)
		RebuildScriptCaches (0ms)
		SetupLoadedEditorAssemblies (401ms)
			LogAssemblyErrors (0ms)
			InitializePlatformSupportModulesInManaged (26ms)
			SetLoadedEditorAssemblies (4ms)
			RefreshPlugins (0ms)
			BeforeProcessingInitializeOnLoad (74ms)
			ProcessInitializeOnLoadAttributes (230ms)
			ProcessInitializeOnLoadMethodAttributes (62ms)
			AfterProcessingInitializeOnLoad (5ms)
			EditorAssembliesLoaded (0ms)
		ExecutionOrderSort2 (0ms)
		AwakeInstancesAfterBackupRestoration (12ms)
Refreshing native plugins compatible for Editor in 5.62 ms, found 4 plugins.
Preloading 0 native plugins for Editor in 0.00 ms.
Unloading 5859 Unused Serialized files (Serialized files now loaded: 0)
Unloading 75 unused Assets / (6.5 MB). Loaded Objects now: 6523.
Memory consumption went from 223.9 MB to 217.4 MB.
Total: 9.581500 ms (FindLiveObjects: 0.488300 ms CreateObjectMapping: 0.205600 ms MarkObjects: 4.658500 ms  DeleteObjects: 4.228100 ms)

Prepare: number of updated asset objects reloaded= 0
AssetImportParameters requested are different than current active one (requested -> active):
  custom:container-demuxer-ogg: 62fdf1f143b41e24485cea50d1cbac27 -> 
  custom:video-decoder-ogg-theora: a1e56fd34408186e4bbccfd4996cb3dc -> 
  custom:framework-win-MediaFoundation: 216162199b28c13a410421893ffa2e32 -> 
  custom:scripting/monoscript/fileName/ImageWithRoundedCornersInspector.cs: 58036d07441aaa7aab419a785ee19e20 -> 
  custom:CustomObjectIndexerAttribute: 62b5816608c3102f162a1797e29626cf -> 
  custom:container-demuxer-webm: 4f35f7cbe854078d1ac9338744f61a02 -> 
  custom:scripting/monoscript/fileName/DestroyHelper.cs: c4ec483e6452756344d552e92fc6e237 -> 
  custom:scripting/monoscript/fileName/ImageWithIndependentRoundedCorners.cs: acdc0f2db4b8e2bc9f101a10a6163409 -> 
  custom:container-muxer-webm: aa71ff27fc2769a1b78a27578f13a17b -> 
  custom:video-decoder-webm-vp8: 9c59270c3fd7afecdb556c50c9e8de78 -> 
  custom:SearchIndexIgnoredProperties: e643bd26f0fe6173181afceb89e7c659 -> 
  custom:AudioImporter_EditorPlatform: d09bf68614088b80899f8185d706f6e7 -> 
  custom:scripting/monoscript/fileName/ImageWithRoundedCorners.cs: 180473c81a89d4b1abd66afe15b5512e -> 
  custom:video-encoder-webm-vp8: eb34c28f22e8b96e1ab97ce403110664 -> 
  custom:scripting/monoscript/fileName/ImageWithIndependentRoundedCornersInspector.cs: 408a4b1008f1539ec89a9c89d5fdd2d3 -> 
  custom:audio-decoder-ogg-vorbis: bf7c407c2cedff20999df2af8eb42d56 -> 
  custom:audio-encoder-webm-vorbis: bf7c407c2cedff20999df2af8eb42d56 -> 
========================================================================
Received Prepare
Begin MonoManager ReloadAssembly
- Loaded All Assemblies, in  0.473 seconds
Refreshing native plugins compatible for Editor in 5.38 ms, found 4 plugins.
Native extension for WindowsStandalone target not found
Native extension for iOS target not found
Native extension for Android target not found
Native extension for WebGL target not found
[Package Manager] Server::EnsureServerProcessIsRunning -- launch failed, reason: Unity was launched with the -noUpm command-line argument
[Package Manager] UpmClient::Send -- Unable to send message (not connected to UPM process).
[Package Manager] Cannot connect to Unity Package Manager local server
Mono: successfully reloaded assembly
[Package Manager] Server::EnsureServerProcessIsRunning -- launch failed, reason: Unity was launched with the -noUpm command-line argument
[Package Manager] UpmClient::Send -- Unable to send message (not connected to UPM process).
[Package Manager] Cannot connect to Unity Package Manager local server
- Finished resetting the current domain, in  1.081 seconds
Domain Reload Profiling: 1551ms
	BeginReloadAssembly (152ms)
		ExecutionOrderSort (0ms)
		DisableScriptedObjects (9ms)
		BackupInstance (0ms)
		ReleaseScriptingObjects (0ms)
		CreateAndSetChildDomain (41ms)
	RebuildCommonClasses (24ms)
	RebuildNativeTypeToScriptingClass (10ms)
	initialDomainReloadingComplete (31ms)
	LoadAllAssembliesAndSetupDomain (253ms)
		LoadAssemblies (285ms)
		RebuildTransferFunctionScriptingTraits (0ms)
		AnalyzeDomain (40ms)
			TypeCache.Refresh (9ms)
				TypeCache.ScanAssembly (0ms)
			ScanForSourceGeneratedMonoScriptInfo (22ms)
			ResolveRequiredComponents (8ms)
	FinalizeReload (1082ms)
		ReleaseScriptCaches (0ms)
		RebuildScriptCaches (0ms)
		SetupLoadedEditorAssemblies (393ms)
			LogAssemblyErrors (0ms)
			InitializePlatformSupportModulesInManaged (26ms)
			SetLoadedEditorAssemblies (4ms)
			RefreshPlugins (0ms)
			BeforeProcessingInitializeOnLoad (74ms)
			ProcessInitializeOnLoadAttributes (228ms)
			ProcessInitializeOnLoadMethodAttributes (56ms)
			AfterProcessingInitializeOnLoad (5ms)
			EditorAssembliesLoaded (0ms)
		ExecutionOrderSort2 (0ms)
		AwakeInstancesAfterBackupRestoration (12ms)
Refreshing native plugins compatible for Editor in 6.03 ms, found 4 plugins.
Preloading 0 native plugins for Editor in 0.00 ms.
Unloading 5859 Unused Serialized files (Serialized files now loaded: 0)
Unloading 75 unused Assets / (6.5 MB). Loaded Objects now: 6528.
Memory consumption went from 225.8 MB to 219.3 MB.
Total: 7.692000 ms (FindLiveObjects: 0.434400 ms CreateObjectMapping: 0.336500 ms MarkObjects: 3.323600 ms  DeleteObjects: 3.596800 ms)

Prepare: number of updated asset objects reloaded= 0
AssetImportParameters requested are different than current active one (requested -> active):
  custom:container-demuxer-ogg: 62fdf1f143b41e24485cea50d1cbac27 -> 
  custom:video-decoder-ogg-theora: a1e56fd34408186e4bbccfd4996cb3dc -> 
  custom:framework-win-MediaFoundation: 216162199b28c13a410421893ffa2e32 -> 
  custom:scripting/monoscript/fileName/ImageWithRoundedCornersInspector.cs: 58036d07441aaa7aab419a785ee19e20 -> 
  custom:CustomObjectIndexerAttribute: 62b5816608c3102f162a1797e29626cf -> 
  custom:container-demuxer-webm: 4f35f7cbe854078d1ac9338744f61a02 -> 
  custom:scripting/monoscript/fileName/DestroyHelper.cs: c4ec483e6452756344d552e92fc6e237 -> 
  custom:scripting/monoscript/fileName/ImageWithIndependentRoundedCorners.cs: acdc0f2db4b8e2bc9f101a10a6163409 -> 
  custom:container-muxer-webm: aa71ff27fc2769a1b78a27578f13a17b -> 
  custom:video-decoder-webm-vp8: 9c59270c3fd7afecdb556c50c9e8de78 -> 
  custom:SearchIndexIgnoredProperties: e643bd26f0fe6173181afceb89e7c659 -> 
  custom:AudioImporter_EditorPlatform: d09bf68614088b80899f8185d706f6e7 -> 
  custom:scripting/monoscript/fileName/ImageWithRoundedCorners.cs: 180473c81a89d4b1abd66afe15b5512e -> 
  custom:video-encoder-webm-vp8: eb34c28f22e8b96e1ab97ce403110664 -> 
  custom:scripting/monoscript/fileName/ImageWithIndependentRoundedCornersInspector.cs: 408a4b1008f1539ec89a9c89d5fdd2d3 -> 
  custom:audio-decoder-ogg-vorbis: bf7c407c2cedff20999df2af8eb42d56 -> 
  custom:audio-encoder-webm-vorbis: bf7c407c2cedff20999df2af8eb42d56 -> 
Editor requested this worker to shutdown with reason: Scaling down because of idle timeout
TcpMessagingSession - receive error: operation aborted. errorcode: 995, details: The I/O operation has been aborted because of either a thread exit or an application request.
AssetImportWorker is now disconnected from the server
Process exiting
Exiting without the bug reporter. Application will terminate with return code 0